<?xml version="1.0" encoding="UTF-8"?>
<testng-results ignored="0" total="1" passed="1" failed="0" skipped="0">
  <reporter-output>
  </reporter-output>
  <suite started-at="2023-04-05T23:36:26 EET" name="Default suite" finished-at="2023-04-05T23:36:32 EET" duration-ms="5879">
    <groups>
    </groups>
    <test started-at="2023-04-05T23:36:26 EET" name="Default test" finished-at="2023-04-05T23:36:32 EET" duration-ms="5879">
      <class name="tests.TestsXmlAPIWithExcel">
        <test-method signature="dataDrivenTestCase(java.lang.String,java.lang.String,java.lang.String,java.lang.String,java.lang.String,java.lang.String,java.lang.String,java.lang.String,java.lang.String)[pri:0, instance:tests.TestsXmlAPIWithExcel@6221a451]" started-at="2023-04-05T23:36:27 EET" name="dataDrivenTestCase" data-provider="test_data" finished-at="2023-04-05T23:36:32 EET" duration-ms="4413" status="PASS">
          <params>
            <param index="0">
              <value>
                <![CDATA[12212]]>
              </value>
            </param>
            <param index="1">
              <value>
                <![CDATA[John]]>
              </value>
            </param>
            <param index="2">
              <value>
                <![CDATA[Smith]]>
              </value>
            </param>
            <param index="3">
              <value>
                <![CDATA[1431 Main St]]>
              </value>
            </param>
            <param index="4">
              <value>
                <![CDATA[Beverly Hills]]>
              </value>
            </param>
            <param index="5">
              <value>
                <![CDATA[CA]]>
              </value>
            </param>
            <param index="6">
              <value>
                <![CDATA[90210]]>
              </value>
            </param>
            <param index="7">
              <value>
                <![CDATA[310-447-4121]]>
              </value>
            </param>
            <param index="8">
              <value>
                <![CDATA[622-11-9999]]>
              </value>
            </param>
          </params>
          <reporter-output>
          </reporter-output>
        </test-method> <!-- dataDrivenTestCase -->
      </class> <!-- tests.TestsXmlAPIWithExcel -->
    </test> <!-- Default test -->
  </suite> <!-- Default suite -->
</testng-results>
